<?xml version="1.0" encoding="UTF-8"?>
<testsuite xmlns:xsi="http://www.w3.org/2001/XMLSchema-instance" xsi:noNamespaceSchemaLocation="https://maven.apache.org/surefire/maven-surefire-plugin/xsd/surefire-test-report.xsd" version="3.0.2" name="com.compass.ms_order.OrderServicesTest" time="1.947" tests="6" errors="0" skipped="0" failures="0">
  <properties>
[...]
</properties>
  <testcase name="createOrderCase2" classname="com.compass.ms_order.OrderServicesTest" time="1.889">
    <system-err><![CDATA[Mockito is currently self-attaching to enable the inline-mock-maker. This will no longer work in future releases of the JDK. Please add Mockito as an agent to your build what is described in Mockito's documentation: https://javadoc.io/doc/org.mockito/mockito-core/latest/org/mockito/Mockito.html#0.3
WARNING: A Java agent has been loaded dynamically (C:\Users\decar\.m2\repository\net\bytebuddy\byte-buddy-agent\1.15.10\byte-buddy-agent-1.15.10.jar)
WARNING: If a serviceability tool is in use, please run with -XX:+EnableDynamicAgentLoading to hide this warning
WARNING: If a serviceability tool is not in use, please run with -Djdk.instrument.traceUsage for more information
WARNING: Dynamic loading of agents will be disallowed by default in a future release
]]></system-err>
  </testcase>
  <testcase name="shouldCreateAOrder" classname="com.compass.ms_order.OrderServicesTest" time="0.024">
    <system-out><![CDATA[05:33:02.799 [main] INFO com.compass.ms_order.services.OrderServices -- Creating a new Order: Order(id=1, protocol=null, clientEmail=rodrigo@example.com, products=[com.compass.ms_order.entities.Product@51a8313b])
]]></system-out>
  </testcase>
  <testcase name="findOrderByIdCase1" classname="com.compass.ms_order.OrderServicesTest" time="0.003">
    <system-out><![CDATA[05:33:02.814 [main] INFO com.compass.ms_order.services.OrderServices -- Finding a order by id: Order(id=1, protocol=null, clientEmail=rodrigo@example.com, products=[com.compass.ms_order.entities.Product@204e90f7])
]]></system-out>
  </testcase>
  <testcase name="findOrderByIdCase2" classname="com.compass.ms_order.OrderServicesTest" time="0.005"/>
  <testcase name="findProductById" classname="com.compass.ms_order.OrderServicesTest" time="0.001"/>
  <testcase name="shouldUpdateOrderCase1" classname="com.compass.ms_order.OrderServicesTest" time="0.004">
    <system-out><![CDATA[05:33:02.825 [main] INFO com.compass.ms_order.services.OrderServices -- Finding a order by id: Order(id=1, protocol=null, clientEmail=rodrigo@example.com, products=[com.compass.ms_order.entities.Product@33d53216])
05:33:02.826 [main] INFO com.compass.ms_order.services.OrderServices -- Updating a Order By id: Order(id=1, protocol=null, clientEmail=Carlos@example.com, products=[com.compass.ms_order.entities.Product@69a2b3b6])
]]></system-out>
  </testcase>
</testsuite>